2026-02-09 19:09:45,609 [INFO] === Vavoo Player Started ===
2026-02-09 19:09:45,656 [WARNING] Playlist not found at C:\Users\mdeangelis\Downloads\vavoo-player-master\python_iptv\..\ITALIA.m3u8, trying local fallback.
2026-02-09 19:09:47,344 [WARNING] Playlist file not found: ITALIA.m3u8. Auto-generating...
2026-02-09 19:09:47,810 [INFO] Requesting authentication signature...
2026-02-09 19:09:48,081 [INFO] Signature received successfully.
2026-02-09 19:09:48,085 [INFO] Fetching group: Italy...
2026-02-09 19:09:48,936 [INFO]  > Found 411 channels in Italy
2026-02-09 19:09:48,938 [INFO] Attempting targeted search for RSI channels...
2026-02-09 19:10:00,257 [INFO] DEBUG: fetch_all_channels returned 411 items.
2026-02-09 19:10:00,257 [INFO] DEBUG: Catalog contains RSI: RSI LA 1 .s | URL: https://vavoo.to/vavoo-iptv/play/22903950460d6b257bf610
2026-02-09 19:10:00,258 [INFO] DEBUG: Catalog contains RSI: RSI LA 2 .c | URL: https://vavoo.to/vavoo-iptv/play/3590183307ca309aa6be37
2026-02-09 19:10:00,259 [INFO] DEBUG: Catalog contains RSI: RSI LA 2 .s | URL: https://vavoo.to/vavoo-iptv/play/3475299702c52e31a7073f
2026-02-09 19:10:00,259 [INFO] DEBUG: Catalog contains RSI: SUPERSIX LOMBARDIA .c | URL: https://vavoo.to/vavoo-iptv/play/8491244640295fc9ea282
2026-02-09 19:10:00,260 [INFO] DEBUG: Catalog contains RSI: UNINETTUNO UNIVERSITY TV .c | URL: https://vavoo.to/vavoo-iptv/play/3765504418d7a4047993c
2026-02-09 19:10:00,265 [INFO] Loading EPG data for name resolution...
2026-02-09 19:10:00,265 [INFO] --- Loading EPG Source: Italy ---
2026-02-09 19:10:00,265 [INFO] Downloading EPG from https://iptv-epg.org/files/epg-it.xml.gz...
2026-02-09 19:10:02,292 [INFO] Download complete. Size: 6429039 bytes.
2026-02-09 19:10:02,292 [INFO] Decompressing EPG...
2026-02-09 19:10:02,297 [INFO] Parsing XML EPG...
2026-02-09 19:10:02,359 [INFO] Merged 304 channel names from this source.
2026-02-09 19:10:02,386 [INFO] Merged 19599 programs from this source.
2026-02-09 19:10:02,390 [INFO] Loading backup EPG for Italy to supplement data...
2026-02-09 19:10:02,392 [INFO] Downloading EPG from https://epgshare01.online/epgshare01/epg_ripper_IT1.xml.gz...
2026-02-09 19:10:02,873 [INFO] Download complete. Size: 1707070 bytes.
2026-02-09 19:10:02,873 [INFO] Decompressing EPG...
2026-02-09 19:10:02,905 [INFO] Parsing XML EPG...
2026-02-09 19:10:03,062 [INFO] Merged 192 channel names from this source.
2026-02-09 19:10:03,139 [INFO] Merged 21910 programs from this source.
2026-02-09 19:10:03,157 [INFO] --- Loading EPG Source: Swiss (RSI) ---
2026-02-09 19:10:03,157 [INFO] Downloading EPG from https://iptv-epg.org/files/epg-ch.xml.gz...
2026-02-09 19:10:03,563 [INFO] Download complete. Size: 34 bytes.
2026-02-09 19:10:03,564 [WARNING] Primary EPG failed for Swiss (RSI): Downloaded EPG is too small (34 bytes). Assuming failure.
2026-02-09 19:10:03,565 [INFO] Loading backup EPG for Swiss (RSI) to supplement data...
2026-02-09 19:10:03,566 [INFO] Downloading EPG from https://epgshare01.online/epgshare01/epg_ripper_CH1.xml.gz...
2026-02-09 19:10:04,357 [INFO] Download complete. Size: 6049816 bytes.
2026-02-09 19:10:04,357 [INFO] Decompressing EPG...
2026-02-09 19:10:04,459 [INFO] Parsing XML EPG...
2026-02-09 19:10:05,115 [INFO] Merged 2 channel names from this source.
2026-02-09 19:10:05,774 [INFO] Merged 86932 programs from this source.
2026-02-09 19:10:05,828 [INFO] Updated 0 channel names from all EPGs.
2026-02-09 19:10:05,839 [INFO] Writing 410 channels to ITALIA.m3u8...
2026-02-09 19:10:05,842 [INFO] Playlist generated successfully.
2026-02-09 19:10:05,902 [INFO] Parsing playlist: ITALIA.m3u8
2026-02-09 19:10:05,906 [INFO] Found 410 channels and EPG: https://iptv-epg.org/files/epg-it.xml.gz,https://iptv-epg.org/files/epg-ch.xml.gz,https://epgshare01.online/epgshare01/epg_ripper_IT1.xml.gz,https://epgshare01.online/epgshare01/epg_ripper_CH1.xml.gz
2026-02-09 19:10:06,540 [INFO] --- Loading EPG Source: Italy ---
2026-02-09 19:10:06,541 [INFO] Downloading EPG from https://iptv-epg.org/files/epg-it.xml.gz...
2026-02-09 19:10:07,976 [INFO] Download complete. Size: 6429039 bytes.
2026-02-09 19:10:07,978 [INFO] Decompressing EPG...
2026-02-09 19:10:07,986 [INFO] Parsing XML EPG...
2026-02-09 19:10:08,058 [INFO] Merged 304 channel names from this source.
2026-02-09 19:10:08,085 [INFO] Merged 19599 programs from this source.
2026-02-09 19:10:08,093 [INFO] Loading backup EPG for Italy to supplement data...
2026-02-09 19:10:08,093 [INFO] Downloading EPG from https://epgshare01.online/epgshare01/epg_ripper_IT1.xml.gz...
2026-02-09 19:10:08,484 [INFO] Download complete. Size: 1707070 bytes.
2026-02-09 19:10:08,484 [INFO] Decompressing EPG...
2026-02-09 19:10:08,509 [INFO] Parsing XML EPG...
2026-02-09 19:10:08,669 [INFO] Merged 192 channel names from this source.
2026-02-09 19:10:08,753 [INFO] Merged 21910 programs from this source.
2026-02-09 19:10:08,768 [INFO] --- Loading EPG Source: Swiss (RSI) ---
2026-02-09 19:10:08,768 [INFO] Downloading EPG from https://iptv-epg.org/files/epg-ch.xml.gz...
2026-02-09 19:10:09,253 [INFO] Download complete. Size: 34 bytes.
2026-02-09 19:10:09,253 [WARNING] Primary EPG failed for Swiss (RSI): Downloaded EPG is too small (34 bytes). Assuming failure.
2026-02-09 19:10:09,253 [INFO] Loading backup EPG for Swiss (RSI) to supplement data...
2026-02-09 19:10:09,253 [INFO] Downloading EPG from https://epgshare01.online/epgshare01/epg_ripper_CH1.xml.gz...
2026-02-09 19:10:10,057 [INFO] Download complete. Size: 6049816 bytes.
2026-02-09 19:10:10,058 [INFO] Decompressing EPG...
2026-02-09 19:10:10,148 [INFO] Parsing XML EPG...
2026-02-09 19:10:10,806 [INFO] Merged 2 channel names from this source.
2026-02-09 19:10:11,442 [INFO] Merged 86932 programs from this source.
2026-02-09 19:10:11,494 [INFO] Updated 162 channel names from all EPGs.
2026-02-09 19:10:11,500 [WARNING] EPG MISS: Channel 'RAI4K' not found in EPG (Found ID: None)
2026-02-09 19:10:47,352 [WARNING] EPG MISS: Channel 'RAI4K' not found in EPG (Found ID: None)
2026-02-09 19:11:47,353 [WARNING] EPG MISS: Channel 'RAI4K' not found in EPG (Found ID: None)
2026-02-09 19:12:57,357 [INFO] === Vavoo Player Started ===
2026-02-09 19:12:58,670 [INFO] Parsing playlist: C:\Users\mdeangelis\Downloads\vavoo-player-master\python_iptv\..\ITALIA.m3u8
2026-02-09 19:12:58,674 [INFO] Found 410 channels and EPG: https://iptv-epg.org/files/epg-it.xml.gz,https://iptv-epg.org/files/epg-ch.xml.gz,https://epgshare01.online/epgshare01/epg_ripper_IT1.xml.gz,https://epgshare01.online/epgshare01/epg_ripper_CH1.xml.gz
2026-02-09 19:12:59,338 [INFO] --- Loading EPG Source: Italy ---
2026-02-09 19:12:59,484 [INFO] Downloading EPG from https://iptv-epg.org/files/epg-it.xml.gz...
2026-02-09 19:13:00,659 [INFO] Download complete. Size: 6429039 bytes.
2026-02-09 19:13:00,661 [INFO] Decompressing EPG...
2026-02-09 19:13:00,668 [INFO] Parsing XML EPG...
2026-02-09 19:13:00,780 [INFO] Merged 304 channel names from this source.
2026-02-09 19:13:00,832 [INFO] Merged 19599 programs from this source.
2026-02-09 19:13:00,842 [INFO] Loading backup EPG for Italy to supplement data...
2026-02-09 19:13:00,842 [INFO] Downloading EPG from https://epgshare01.online/epgshare01/epg_ripper_IT1.xml.gz...
2026-02-09 19:13:01,283 [INFO] Download complete. Size: 1707070 bytes.
2026-02-09 19:13:01,284 [INFO] Decompressing EPG...
2026-02-09 19:13:01,340 [INFO] Parsing XML EPG...
2026-02-09 19:13:01,634 [INFO] Merged 192 channel names from this source.
2026-02-09 19:13:01,755 [INFO] Merged 21910 programs from this source.
2026-02-09 19:13:01,788 [INFO] --- Loading EPG Source: Swiss (RSI) ---
2026-02-09 19:13:01,790 [INFO] Downloading EPG from https://iptv-epg.org/files/epg-ch.xml.gz...
2026-02-09 19:13:02,182 [INFO] Download complete. Size: 34 bytes.
2026-02-09 19:13:02,184 [WARNING] Primary EPG failed for Swiss (RSI): Downloaded EPG is too small (34 bytes). Assuming failure.
2026-02-09 19:13:02,184 [INFO] Loading backup EPG for Swiss (RSI) to supplement data...
2026-02-09 19:13:02,184 [INFO] Downloading EPG from https://epgshare01.online/epgshare01/epg_ripper_CH1.xml.gz...
2026-02-09 19:13:03,036 [INFO] Download complete. Size: 6049816 bytes.
2026-02-09 19:13:03,036 [INFO] Decompressing EPG...
2026-02-09 19:13:03,172 [INFO] Parsing XML EPG...
2026-02-09 19:13:03,900 [INFO] Merged 2 channel names from this source.
2026-02-09 19:13:04,592 [INFO] Merged 86932 programs from this source.
2026-02-09 19:13:04,643 [INFO] Updated 162 channel names from all EPGs.
2026-02-09 19:13:04,658 [WARNING] EPG MISS: Channel 'RAI4K' not found in EPG (Found ID: None)
2026-02-09 19:13:11,969 [INFO] Playing: https://vavoo.to/vavoo-iptv/play/122565375973a967da4f03
2026-02-09 19:13:45,652 [INFO] Playing: https://vavoo.to/vavoo-iptv/play/875922788627becc98639
2026-02-09 19:13:59,351 [WARNING] EPG MISS: Channel 'RAI4K' not found in EPG (Found ID: None)
2026-02-09 19:14:06,274 [INFO] Deleted existing playlist: C:\Users\mdeangelis\Downloads\vavoo-player-master\python_iptv\..\ITALIA.m3u8
2026-02-09 19:14:06,274 [INFO] Requesting authentication signature...
2026-02-09 19:14:06,493 [INFO] Signature received successfully.
2026-02-09 19:14:06,493 [INFO] Fetching group: Italy...
2026-02-09 19:14:07,075 [INFO]  > Found 411 channels in Italy
2026-02-09 19:14:07,075 [INFO] Attempting targeted search for RSI channels...
2026-02-09 19:14:17,946 [INFO] DEBUG: fetch_all_channels returned 411 items.
2026-02-09 19:14:17,947 [INFO] DEBUG: Catalog contains RSI: RSI LA 1 .s | URL: https://vavoo.to/vavoo-iptv/play/22903950460d6b257bf610
2026-02-09 19:14:17,947 [INFO] DEBUG: Catalog contains RSI: RSI LA 2 .c | URL: https://vavoo.to/vavoo-iptv/play/3590183307ca309aa6be37
2026-02-09 19:14:17,947 [INFO] DEBUG: Catalog contains RSI: RSI LA 2 .s | URL: https://vavoo.to/vavoo-iptv/play/3475299702c52e31a7073f
2026-02-09 19:14:17,947 [INFO] DEBUG: Catalog contains RSI: SUPERSIX LOMBARDIA .c | URL: https://vavoo.to/vavoo-iptv/play/8491244640295fc9ea282
2026-02-09 19:14:17,947 [INFO] DEBUG: Catalog contains RSI: UNINETTUNO UNIVERSITY TV .c | URL: https://vavoo.to/vavoo-iptv/play/3765504418d7a4047993c
2026-02-09 19:14:17,949 [INFO] Loading EPG data for name resolution...
2026-02-09 19:14:17,949 [INFO] --- Loading EPG Source: Italy ---
2026-02-09 19:14:17,949 [INFO] Downloading EPG from https://iptv-epg.org/files/epg-it.xml.gz...
2026-02-09 19:14:18,993 [INFO] Download complete. Size: 6429039 bytes.
2026-02-09 19:14:18,994 [INFO] Decompressing EPG...
2026-02-09 19:14:18,997 [INFO] Parsing XML EPG...
2026-02-09 19:14:19,059 [INFO] Merged 304 channel names from this source.
2026-02-09 19:14:19,092 [INFO] Merged 19599 programs from this source.
2026-02-09 19:14:19,099 [INFO] Loading backup EPG for Italy to supplement data...
2026-02-09 19:14:19,099 [INFO] Downloading EPG from https://epgshare01.online/epgshare01/epg_ripper_IT1.xml.gz...
2026-02-09 19:14:19,540 [INFO] Download complete. Size: 1707070 bytes.
2026-02-09 19:14:19,540 [INFO] Decompressing EPG...
2026-02-09 19:14:19,565 [INFO] Parsing XML EPG...
2026-02-09 19:14:19,736 [INFO] Merged 192 channel names from this source.
2026-02-09 19:14:19,756 [INFO] Merged 21910 programs from this source.
2026-02-09 19:14:19,772 [INFO] --- Loading EPG Source: Swiss (RSI) ---
2026-02-09 19:14:19,772 [INFO] Downloading EPG from https://iptv-epg.org/files/epg-ch.xml.gz...
2026-02-09 19:14:20,055 [INFO] Download complete. Size: 34 bytes.
2026-02-09 19:14:20,056 [WARNING] Primary EPG failed for Swiss (RSI): Downloaded EPG is too small (34 bytes). Assuming failure.
2026-02-09 19:14:20,057 [INFO] Loading backup EPG for Swiss (RSI) to supplement data...
2026-02-09 19:14:20,058 [INFO] Downloading EPG from https://epgshare01.online/epgshare01/epg_ripper_CH1.xml.gz...
2026-02-09 19:14:20,847 [INFO] Download complete. Size: 6049816 bytes.
2026-02-09 19:14:20,847 [INFO] Decompressing EPG...
2026-02-09 19:14:20,934 [INFO] Parsing XML EPG...
2026-02-09 19:14:21,570 [INFO] Merged 2 channel names from this source.
2026-02-09 19:14:22,342 [INFO] Merged 86932 programs from this source.
2026-02-09 19:14:22,403 [INFO] Updated 0 channel names from all EPGs.
2026-02-09 19:14:22,411 [INFO] Writing 410 channels to C:\Users\mdeangelis\Downloads\vavoo-player-master\python_iptv\..\ITALIA.m3u8...
2026-02-09 19:14:22,413 [INFO] Playlist generated successfully.
2026-02-09 19:14:22,442 [INFO] Parsing playlist: C:\Users\mdeangelis\Downloads\vavoo-player-master\python_iptv\..\ITALIA.m3u8
2026-02-09 19:14:22,445 [INFO] Found 410 channels and EPG: https://iptv-epg.org/files/epg-it.xml.gz,https://iptv-epg.org/files/epg-ch.xml.gz,https://epgshare01.online/epgshare01/epg_ripper_IT1.xml.gz,https://epgshare01.online/epgshare01/epg_ripper_CH1.xml.gz
2026-02-09 19:14:23,111 [INFO] --- Loading EPG Source: Italy ---
2026-02-09 19:14:23,111 [INFO] Downloading EPG from https://iptv-epg.org/files/epg-it.xml.gz...
2026-02-09 19:14:24,071 [INFO] Download complete. Size: 6429039 bytes.
2026-02-09 19:14:24,071 [INFO] Decompressing EPG...
2026-02-09 19:14:24,078 [INFO] Parsing XML EPG...
2026-02-09 19:14:24,136 [INFO] Merged 304 channel names from this source.
2026-02-09 19:14:24,176 [INFO] Merged 19599 programs from this source.
2026-02-09 19:14:24,183 [INFO] Loading backup EPG for Italy to supplement data...
2026-02-09 19:14:24,184 [INFO] Downloading EPG from https://epgshare01.online/epgshare01/epg_ripper_IT1.xml.gz...
2026-02-09 19:14:24,585 [INFO] Download complete. Size: 1707070 bytes.
2026-02-09 19:14:24,585 [INFO] Decompressing EPG...
2026-02-09 19:14:24,608 [INFO] Parsing XML EPG...
2026-02-09 19:14:24,781 [INFO] Merged 192 channel names from this source.
2026-02-09 19:14:25,007 [INFO] Merged 21910 programs from this source.
2026-02-09 19:14:25,026 [INFO] --- Loading EPG Source: Swiss (RSI) ---
2026-02-09 19:14:25,026 [INFO] Downloading EPG from https://iptv-epg.org/files/epg-ch.xml.gz...
2026-02-09 19:14:25,390 [INFO] Download complete. Size: 34 bytes.
2026-02-09 19:14:25,391 [WARNING] Primary EPG failed for Swiss (RSI): Downloaded EPG is too small (34 bytes). Assuming failure.
2026-02-09 19:14:25,392 [INFO] Loading backup EPG for Swiss (RSI) to supplement data...
2026-02-09 19:14:25,392 [INFO] Downloading EPG from https://epgshare01.online/epgshare01/epg_ripper_CH1.xml.gz...
2026-02-09 19:14:26,174 [INFO] Download complete. Size: 6049816 bytes.
2026-02-09 19:14:26,174 [INFO] Decompressing EPG...
2026-02-09 19:14:26,262 [INFO] Parsing XML EPG...
2026-02-09 19:14:26,936 [INFO] Merged 2 channel names from this source.
2026-02-09 19:14:27,374 [INFO] Merged 86932 programs from this source.
2026-02-09 19:14:27,443 [INFO] Updated 162 channel names from all EPGs.
2026-02-09 19:14:27,450 [WARNING] EPG MISS: Channel 'RAI4K' not found in EPG (Found ID: None)
2026-02-09 19:14:31,461 [INFO] Playing: https://vavoo.to/vavoo-iptv/play/122565375973a967da4f03
2026-02-09 19:14:44,321 [INFO] Playing: https://vavoo.to/vavoo-iptv/play/381279617198e7a1b969ee
2026-02-09 19:14:59,338 [WARNING] EPG MISS: Channel 'RAI4K' not found in EPG (Found ID: None)
2026-02-09 19:15:59,346 [WARNING] EPG MISS: Channel 'RAI4K' not found in EPG (Found ID: None)
2026-02-09 19:16:12,635 [INFO] Playing: https://vavoo.to/vavoo-iptv/play/3538009430947511be2991
2026-02-09 19:16:59,356 [WARNING] EPG MISS: Channel 'RAI4K' not found in EPG (Found ID: None)
2026-02-09 19:17:29,396 [INFO] Playing: https://vavoo.to/vavoo-iptv/play/1759653413f7025450e6b1
2026-02-09 19:17:59,349 [WARNING] EPG MISS: Channel 'RAI4K' not found in EPG (Found ID: None)
2026-02-09 19:18:59,356 [WARNING] EPG MISS: Channel 'RAI4K' not found in EPG (Found ID: None)
2026-02-09 19:19:59,363 [WARNING] EPG MISS: Channel 'RAI4K' not found in EPG (Found ID: None)
2026-02-09 19:20:59,392 [WARNING] EPG MISS: Channel 'RAI4K' not found in EPG (Found ID: None)
